[alamosa.aps.edu/index.html]
[backblue.gif]
[fade.gif]
[index.html]
[www.browsealoud.com/plus/scripts/ba.js]
[cdn.schoolloop.com/portalcdn/version_release_1.0.61ssl/pf4/cms2/css/cms_global.css]
[cdnjs.cloudflare.com/ajax/libs/normalize/3.0.3/normalize.css]
[cdn.schoolloop.com/portalcdn/version_release_1.0.61ssl/pf4/css/new_global.css]
[cdn.schoolloop.com/portalcdn/version_release_1.0.61ssl/pf4/css/dialogs.css]
[cdn.schoolloop.com/release_1.0.61/static/lib/jquery/jquery_ui_1_1_12/smoothness/jquery-ui.css]
[cdn.schoolloop.com/release_1.0.61/static/lib/colorbox/colorbox.css]
[cdn.schoolloop.com/release_1.0.61/static/lib/vex/vex-2.2.1/css/vex.css]
[cdn.schoolloop.com/release_1.0.61/static/lib/vex/vex-2.2.1/css/vex-theme-os.css]
[cdn.schoolloop.com/release_1.0.61/static/lib/jquery/extra/css/jquery.tokeninput_v1.6.0.css]
[cdn.schoolloop.com/release_1.0.61/static/lib/jquery/extra/css/qtip.css]
[cdn.schoolloop.com/release_1.0.61/static/lib/jquery/extra/css/jquery.timepicker.css]
[use.fontawesome.com/a19a08fbf1.css]
[cdn.schoolloop.com/release_1.0.61/pf4/img/sl-cms2-icon_arrow_droplist_black.png]
[cdn.schoolloop.com/release_1.0.61/pf4/img/sl-cms2__toolbar-icon--no-fill.png]
[cdn.schoolloop.com/release_1.0.61/pf4/img/sl-cms2__toolbar-icons.png]
[cdn.schoolloop.com/release_1.0.61/pf4/img/sl-cms2__toolbar-divider.png]
[cdn.schoolloop.com/release_1.0.61/pf4/img/sl-cms2__mode-edit--black.png]
[cdn.schoolloop.com/release_1.0.61/pf4/img/sl-cms2__page-modules-icons-large.png]
[cdn.schoolloop.com/release_1.0.61/pf4/img/sl-cms2__table-modules-icons-large.png]
[cdn.schoolloop.com/release_1.0.61/pf4/img/gray-left-hover-squares.png]
[cdn.schoolloop.com/release_1.0.61/pf4/img/attach_file_blue.png]
[cdn.schoolloop.com/release_1.0.61/pf4/img/attach_link_blue.png]
[cdn.schoolloop.com/release_1.0.61/pf4/img/icon_arrow_droplist_wht.png]
[cdn.schoolloop.com/release_1.0.61/pf4/img/icon_arrow_droplist.png]
[cdn.schoolloop.com/release_1.0.61/pf4/img/attach_locker_blue.png]
[cdn.schoolloop.com/release_1.0.61/pf4/img/icon_delete_sm.png]
[cdn.schoolloop.com/release_1.0.61/pf4/img/icon_locker_sprite.png]
[cdn.schoolloop.com/release_1.0.61/pf4/img/sl-cms2-folder__closed-item.png]
[cdn.schoolloop.com/release_1.0.61/pf4/img/sl-cms2-folder__open-item.png]
[cdn.schoolloop.com/release_1.0.61/pf4/img/sl-cms2-folder__closed-item--white.png]
[cdn.schoolloop.com/release_1.0.61/pf4/img/sl-cms2-folder__open-item--white.png]
[alamosa.aps.edu/img/icon_locker_sprite.png]
[cdn.schoolloop.com/release_1.0.61/pf4/img/error.png]
[cdn.schoolloop.com/release_1.0.61/pf4/img/image_placeholder_loading.png]
[cdn.schoolloop.com/release_1.0.61/static/lib/jquery/extra/css/jquery.ui.timepicker.css]
[ajax.googleapis.com/ajax/libs/jquery/1.9.1/jquery.min.js]
[ajax.googleapis.com/ajax/libs/jqueryui/1.12.1/jquery-ui.min.js]
[cdn.schoolloop.com/release_1.0.61/static/lib/jquery/1.9/jquery-migrate-1.1.1.js]
[cdn.schoolloop.com/release_1.0.61/static/lib/classy/classy_1.4/classy.js]
[cdn.schoolloop.com/release_1.0.61/static/lib/vex/vex-2.2.1/js/vex.combined.min.js]
[cdn.schoolloop.com/release_1.0.61/static/lib/momentjs/momentjs_2.10.3.min.js]
[cdn.schoolloop.com/release_1.0.61/static/lib/jquery/extra/js/qtip.js]
[cdn.schoolloop.com/release_1.0.61/static/lib/colorbox/jquery.colorbox-min.js]
[cdn.schoolloop.com/portalcdn/version_release_1.0.61ssl/pf4/javascript/global.js]
[cdn.schoolloop.com/release_1.0.61/static/lib/jquery/extra/js/jquery.form.3.5.js]
[cdn.schoolloop.com/release_1.0.61/static/lib/jquery/extra/js/jquery.timepicker.min.js]
[cdn.schoolloop.com/release_1.0.61/static/lib/jquery/extra/js/jquery.datepair.min.js]
[cdn.schoolloop.com/release_1.0.61/static/lib/jquery/extra/js/jquery.ba-throttle-debounce.js]
[cdn.schoolloop.com/release_1.0.61/static/lib/ckeditor_4_5_7/ckeditor.js]
[cdn.schoolloop.com/release_1.0.61/static/lib/ckeditor_4_5_7/ckeditor_lms.js]
[cdn.schoolloop.com/release_1.0.61/static/lib/ckeditor_4_5_7/adapters/jquery.js]
[cdn.schoolloop.com/release_1.0.61/static/lib/jquery_file_upload/js/vendor/jquery.ui.widget.js]
[cdn.schoolloop.com/release_1.0.61/static/lib/load_image/js/load-image.all.min.js]
[cdn.schoolloop.com/release_1.0.61/static/lib/load_image/js/canvas-to-blob.js]
[cdn.schoolloop.com/release_1.0.61/static/lib/jquery_file_upload/js/jquery.iframe-transport.js]
[cdn.schoolloop.com/release_1.0.61/static/lib/jquery_file_upload/js/jquery.fileupload.js]
[cdn.schoolloop.com/release_1.0.61/static/lib/jquery_file_upload/js/jquery.fileupload-process.js]
[cdn.schoolloop.com/release_1.0.61/static/lib/jquery_file_upload/js/jquery.fileupload-image.js]
[cdn.schoolloop.com/release_1.0.61/static/lib/jquery/extra/js/jquery.tokeninput_v1.6.0.js]
[cdn.schoolloop.com/release_1.0.61/static/lib/jscolor/jscolor-2.0.4/jscolor.min.js]
[alamosa.aps.edu/pf4/version_release_1.0.61ssl/javascript/focus_visible.js]
[alamosa.aps.edu/pf4/cms2/view_page.html]
[cdn.schoolloop.com/release_1.0.61/static/lib/iframeResizer/iframeResizer.min.js]
[cdn.schoolloop.com/release_1.0.61/static/lib/video/plyr/plyr_sl_hacked.js]
[alamosa.aps.edu/pf4/cms2_css/dev_version_16816333080614ada.css]
[alamosa.aps.edu/pf4/cms2_js/dev_version_16816333080614ada.js]
[translate.google.com/translate_a/elementa0d8.js]
[alamosa.aps.edu/mission.html]
[alamosa.aps.edu/supply-list.html]
[alamosa.aps.edu/map.html]
[alamosa.aps.edu/twitter.html]
[alamosa.aps.edu/bell-schedule.html]
[alamosa.aps.edu/masterschedule.html]
[alamosa.aps.edu/bus-schedule.html]
[alamosa.aps.edu/menus.html]
[alamosa.aps.edu/counseling.html]
[alamosa.aps.edu/handbook.html]
[alamosa.aps.edu/nursing.html]
[alamosa.aps.edu/library.html]
[alamosa.aps.edu/learning-links.html]
[alamosa.aps.edu/dual-language.html]
[alamosa.aps.edu/online-forms.html]
[alamosa.aps.edu/clubs.html]
[alamosa.aps.edu/contact-us.html]
[alamosa.aps.edu/pf4/cms2/view_all_newsc72b.html]
[cdn.schoolloop.com/release_1.0.61/pf4/img/sl-cms2-footer__logo.png]
[alamosa.aps.edu/stats/s1_1_1681887600000/s1319263359599_1319263359599_1681884000000/s1681934934284.gif]
[alamosa.aps.edu/index.html]
[alamosa.aps.edu/GET]
[www.browsealoud.com/plus/scripts/ba.js]
[cdn.schoolloop.com/release_1.0.61/pf4/img/sl-animated.gif]
[alamosa.aps.edu/Trident/index.html]
[cdn.schoolloop.com/portalcdn/version_release_1.0.61ssl/pf4/cms2/css/cms_global.css]
[cdn.schoolloop.com/release_1.0.61/pf4/img/icon_message_error.png]
[cdnjs.cloudflare.com/ajax/libs/normalize/3.0.3/normalize.css]
[cdn.schoolloop.com/portalcdn/version_release_1.0.61ssl/pf4/css/new_global.css]
[cdn.schoolloop.com/portalcdn/version_release_1.0.61ssl/pf4/css/dialogs.css]
[cdn.schoolloop.com/release_1.0.61/static/lib/jquery/jquery_ui_1_1_12/smoothness/images/ui-bg_highlight-soft_75_cccccc_1x100.png]
[cdn.schoolloop.com/release_1.0.61/static/lib/jquery/jquery_ui_1_1_12/smoothness/images/ui-bg_glass_75_e6e6e6_1x400.png]
[cdn.schoolloop.com/release_1.0.61/static/lib/jquery/jquery_ui_1_1_12/smoothness/images/ui-bg_glass_75_dadada_1x400.png]
[cdn.schoolloop.com/release_1.0.61/static/lib/jquery/jquery_ui_1_1_12/smoothness/images/ui-bg_glass_65_ffffff_1x400.png]
[cdn.schoolloop.com/release_1.0.61/static/lib/jquery/jquery_ui_1_1_12/smoothness/images/ui-bg_glass_55_fbf9ee_1x400.png]
[cdn.schoolloop.com/release_1.0.61/static/lib/jquery/jquery_ui_1_1_12/smoothness/images/ui-bg_glass_95_fef1ec_1x400.png]
[cdn.schoolloop.com/release_1.0.61/static/lib/jquery/jquery_ui_1_1_12/smoothness/images/ui-icons_222222_256x240.png]
[cdn.schoolloop.com/release_1.0.61/static/lib/jquery/jquery_ui_1_1_12/smoothness/images/ui-icons_454545_256x240.png]
[cdn.schoolloop.com/release_1.0.61/static/lib/jquery/jquery_ui_1_1_12/smoothness/images/ui-icons_2e83ff_256x240.png]
[cdn.schoolloop.com/release_1.0.61/static/lib/jquery/jquery_ui_1_1_12/smoothness/images/ui-icons_cd0a0a_256x240.png]
[cdn.schoolloop.com/release_1.0.61/static/lib/jquery/jquery_ui_1_1_12/smoothness/images/ui-icons_888888_256x240.png]
[cdn.schoolloop.com/release_1.0.61/static/lib/jquery/jquery_ui_1_1_12/smoothness/jquery-ui.css]
[cdn.schoolloop.com/release_1.0.61/static/lib/colorbox/images/border1.png]
[cdn.schoolloop.com/release_1.0.61/static/lib/colorbox/images/border2.png]
[cdn.schoolloop.com/release_1.0.61/static/lib/colorbox/images/loading.gif]
[cdn.schoolloop.com/release_1.0.61/static/lib/colorbox/images/ie6/borderTopLeft.png]
[cdn.schoolloop.com/release_1.0.61/static/lib/colorbox/images/ie6/borderTopCenter.png]
[cdn.schoolloop.com/release_1.0.61/static/lib/colorbox/images/ie6/borderTopRight.png]
[cdn.schoolloop.com/release_1.0.61/static/lib/colorbox/images/ie6/borderBottomLeft.png]
[cdn.schoolloop.com/release_1.0.61/static/lib/colorbox/images/ie6/borderBottomCenter.png]
[cdn.schoolloop.com/release_1.0.61/static/lib/colorbox/images/ie6/borderBottomRight.png]
[cdn.schoolloop.com/release_1.0.61/static/lib/colorbox/images/ie6/borderMiddleLeft.png]
[cdn.schoolloop.com/release_1.0.61/static/lib/colorbox/images/ie6/borderMiddleRight.png]
[cdn.schoolloop.com/release_1.0.61/static/lib/colorbox/colorbox.css]
[cdn.schoolloop.com/release_1.0.61/static/lib/vex/vex-2.2.1/css/vex.css]
[cdn.schoolloop.com/release_1.0.61/static/lib/vex/vex-2.2.1/css/vex-theme-os.css]
[cdn.schoolloop.com/release_1.0.61/static/lib/jquery/extra/css/jquery.tokeninput_v1.6.0.css]
[cdn.schoolloop.com/release_1.0.61/static/lib/jquery/extra/css/qtip.css]
[cdn.schoolloop.com/release_1.0.61/static/lib/jquery/extra/css/jquery.timepicker.css]
[use.fontawesome.com/a19a08fbf1.css]
[cdn.schoolloop.com/release_1.0.61/static/lib/jquery/extra/css/jquery.ui.timepicker.css]
[use.fontawesome.com/releases/v4.7.0/css/font-awesome-css.min.css]
[alamosa.aps.edu/stats/s1_1_1681887600000/s1319263359599_1319263359599_1681884000000/s1681934962430.gif]
[alamosa.aps.edu/pf4/cms2/view_page.html]
[cdn.schoolloop.com/release_1.0.61/pf4/img/logo_parent_square.png]
[cdn.schoolloop.com/release_1.0.61/pf4/img/white-graident.png]
[alamosa.aps.edu/pf4/cms2_css/dev_version_16816333080614ada.css]
[alamosa.aps.edu/stats/s1_1_1681887600000/s1319263359599_1319263359599_1681884000000/s1681934965116.gif]
[alamosa.aps.edu/mission.html]
[aes-aps-nm.schoolloop.com/file/1500178973644/1593846597726/Supply List Eng1024_1.jpg]
[aes-aps-nm.schoolloop.com/file/1500178973644/1593846597726/4th Grade supplies png.png]
[aes-aps-nm.schoolloop.com/file/1500178973644/1593846597726/Prek Classroom Supplies English.jpg]
[aes-aps-nm.schoolloop.com/file/1500178973644/1593846597726/Supply List Sp1024_1.jpg]
[aes-aps-nm.schoolloop.com/file/1500178973644/1593846597726/5thSupplyList2022.jpg]
[aes-aps-nm.schoolloop.com/file/1500178973644/1593846597726/Prek Classroom Supplies spanish.jpg]
[alamosa.aps.edu/stats/s1_1_1681887600000/s1319263359599_1319263359599_1681884000000/s1681934965336.gif]
[alamosa.aps.edu/supply-list.html]
[alamosa.aps.edu/stats/s1_1_1681887600000/s1319263359599_1319263359599_1681884000000/s1681934965559.gif]
[alamosa.aps.edu/map.html]
[platform.twitter.com/widgets.js]
[alamosa.aps.edu/stats/s1_1_1681887600000/s1319263359599_1319263359599_1681884000000/s1681934965782.gif]
[alamosa.aps.edu/twitter.html]
[alamosa.aps.edu/stats/s1_1_1681887600000/s1319263359599_1319263359599_1681884000000/s1681934966006.gif]
[alamosa.aps.edu/bell-schedule.html]
[alamosa.aps.edu/stats/s1_1_1681887600000/s1319263359599_1319263359599_1681884000000/s1681934966230.gif]
[alamosa.aps.edu/masterschedule.html]
[alamosa.aps.edu/stats/s1_1_1681887600000/s1319263359599_1319263359599_1681884000000/s1681934966451.gif]
[alamosa.aps.edu/bus-schedule.html]
[alamosa.aps.edu/stats/s1_1_1681887600000/s1319263359599_1319263359599_1681884000000/s1681934966670.gif]
[alamosa.aps.edu/menus.html]
[alamosa.aps.edu/pf4/cms2/cms2_contact_form051e.html]
[alamosa.aps.edu/stats/s1_1_1681887600000/s1319263359599_1319263359599_1681884000000/s1681934966898.gif]
[alamosa.aps.edu/counseling.html]
[alamosa.aps.edu/stats/s1_1_1681887600000/s1319263359599_1319263359599_1681884000000/s1681934967132.gif]
[alamosa.aps.edu/handbook.html]
[alamosa.aps.edu/pf4/cms2/cms2_contact_form30c7.html]
[alamosa.aps.edu/stats/s1_1_1681887600000/s1319263359599_1319263359599_1681884000000/s1681934967369.gif]
[alamosa.aps.edu/nursing.html]
[alamosa.aps.edu/stats/s1_1_1681887600000/s1319263359599_1319263359599_1681884000000/s1681934967599.gif]
[alamosa.aps.edu/library.html]
[alamosa.aps.edu/stats/s1_1_1681887600000/s1319263359599_1319263359599_1681884000000/s1681934967831.gif]
[alamosa.aps.edu/learning-links.html]
[alamosa.aps.edu/stats/s1_1_1681887600000/s1319263359599_1319263359599_1681884000000/s1681934968115.gif]
[alamosa.aps.edu/dual-language.html]
[alamosa.aps.edu/online-forms.html]
[alamosa.aps.edu/stats/s1_1_1681887600000/s1319263359599_1319263359599_1681884000000/s1681934968331.gif]
[alamosa.aps.edu/pf4/cms2/cms2_contact_forma8f5.html]
[alamosa.aps.edu/pf4/cms2/cms2_contact_form4620.html]
[alamosa.aps.edu/stats/s1_1_1681887600000/s1319263359599_1319263359599_1681884000000/s1681934968549.gif]
[alamosa.aps.edu/clubs.html]
[alamosa.aps.edu/pf4/cms2/cms2_contact_form1aac.html]
[alamosa.aps.edu/pf4/cms2/cms2_contact_formcba0.html]
[alamosa.aps.edu/pf4/cms2/cms2_contact_form8c88.html]
[alamosa.aps.edu/pf4/cms2/cms2_contact_form67e2.html]
[alamosa.aps.edu/pf4/cms2/cms2_contact_form1c35.html]
[alamosa.aps.edu/pf4/cms2/cms2_contact_form2773.html]
[alamosa.aps.edu/pf4/cms2/cms2_contact_form8ad8.html]
[alamosa.aps.edu/pf4/cms2/cms2_contact_form1a2c.html]
[alamosa.aps.edu/pf4/cms2/cms2_contact_formc1cf.html]
[alamosa.aps.edu/pf4/cms2/cms2_contact_formfeac.html]
[alamosa.aps.edu/pf4/cms2/cms2_contact_forme457.html]
[alamosa.aps.edu/pf4/cms2/cms2_contact_formd583.html]
[alamosa.aps.edu/pf4/cms2/cms2_contact_form506c.html]
[alamosa.aps.edu/pf4/cms2/cms2_contact_form53ce.html]
[alamosa.aps.edu/pf4/cms2/cms2_contact_formffa8.html]
[alamosa.aps.edu/pf4/cms2/cms2_contact_form6a32.html]
[alamosa.aps.edu/pf4/cms2/cms2_contact_form56cb.html]
[alamosa.aps.edu/pf4/cms2/cms2_contact_forma066.html]
[alamosa.aps.edu/pf4/cms2/cms2_contact_formf21f.html]
[alamosa.aps.edu/pf4/cms2/cms2_contact_formde38.html]
[alamosa.aps.edu/pf4/cms2/cms2_contact_form6d1c.html]
[alamosa.aps.edu/pf4/cms2/cms2_contact_formca0b.html]
[alamosa.aps.edu/pf4/cms2/cms2_contact_formb9a9.html]
[alamosa.aps.edu/pf4/cms2/cms2_contact_form808e.html]
[alamosa.aps.edu/pf4/cms2/cms2_contact_form5348.html]
[alamosa.aps.edu/pf4/cms2/cms2_contact_form620b.html]
[alamosa.aps.edu/pf4/cms2/cms2_contact_form42a1.html]
[alamosa.aps.edu/pf4/cms2/cms2_contact_form79a6.html]
[alamosa.aps.edu/pf4/cms2/cms2_contact_form0f1f.html]
[alamosa.aps.edu/pf4/cms2/cms2_contact_forma83c.html]
[alamosa.aps.edu/pf4/cms2/cms2_contact_form83ca.html]
[alamosa.aps.edu/pf4/cms2/cms2_contact_form1876.html]
[alamosa.aps.edu/pf4/cms2/cms2_contact_formf799.html]
[alamosa.aps.edu/pf4/cms2/cms2_contact_form2a27.html]
[alamosa.aps.edu/pf4/cms2/cms2_contact_form18f0.html]
[alamosa.aps.edu/pf4/cms2/cms2_contact_formafd0.html]
[alamosa.aps.edu/pf4/cms2/cms2_contact_form548e.html]
[alamosa.aps.edu/pf4/cms2/cms2_contact_form8f35.html]
[alamosa.aps.edu/pf4/cms2/cms2_contact_form237e.html]
[alamosa.aps.edu/pf4/cms2/cms2_contact_form1ae0.html]
[alamosa.aps.edu/pf4/cms2/cms2_contact_formc016.html]
[alamosa.aps.edu/pf4/cms2/cms2_contact_form22c7.html]
[alamosa.aps.edu/pf4/cms2/cms2_contact_formdeec.html]
[alamosa.aps.edu/pf4/cms2/cms2_contact_form639b.html]
[alamosa.aps.edu/pf4/cms2/cms2_contact_formd8e3.html]
[alamosa.aps.edu/pf4/cms2/cms2_contact_form19f0.html]
[alamosa.aps.edu/pf4/cms2/cms2_contact_form7022.html]
[alamosa.aps.edu/pf4/cms2/cms2_contact_form0003.html]
[alamosa.aps.edu/pf4/cms2/cms2_contact_form363e.html]
[alamosa.aps.edu/pf4/cms2/cms2_contact_form371e.html]
[alamosa.aps.edu/pf4/cms2/cms2_contact_form9aaa.html]
[alamosa.aps.edu/pf4/cms2/cms2_contact_form46fd.html]
[alamosa.aps.edu/pf4/cms2/cms2_contact_forme1da.html]
[alamosa.aps.edu/pf4/cms2/cms2_contact_form0e8a.html]
[alamosa.aps.edu/pf4/cms2/cms2_contact_form037f.html]
[alamosa.aps.edu/pf4/cms2/cms2_contact_formdb23.html]
[alamosa.aps.edu/stats/s1_1_1681887600000/s1319263359599_1319263359599_1681884000000/s1681934968795.gif]
[alamosa.aps.edu/contact-us.html]
[alamosa.aps.edu/stats/s1_1_1681887600000/s1319263359599_1319263359599_1681884000000/s1681934969028.gif]
[alamosa.aps.edu/pf4/cms2/view_all_newsc72b.html]
[alamosa.aps.edu/GET.html]
[alamosa.aps.edu/Trident/index.html]
[use.fontawesome.com/releases/v4.7.0/css/font-awesome-css.min.css]
[cdn.schoolloop.com/portalcdn/version_release_1.0.61ssl/pf4/css/old_global.css]
[cdn.schoolloop.com/release_1.0.61/pf4/img/icon_background.png]
[cdn.schoolloop.com/release_1.0.61/pf4/img/icon_mail.png]
[cdn.schoolloop.com/release_1.0.61/pf4/img/icon_dropbox.png]
[cdn.schoolloop.com/release_1.0.61/pf4/img/icon_locker.png]
[cdn.schoolloop.com/release_1.0.61/pf4/img/icon_calendar.png]
[cdn.schoolloop.com/release_1.0.61/pf4/img/icon_groups.png]
[cdn.schoolloop.com/release_1.0.61/pf4/img/icon_website.png]
[cdn.schoolloop.com/release_1.0.61/pf4/img/icon_settings2.png]
[cdn.schoolloop.com/release_1.0.61/pf4/img/icon_help2.png]
[cdn.schoolloop.com/release_1.0.61/pf4/img/logo_loop_sm.png]
[alamosa.aps.edu/pf4/cms2/view_pagef545.html]
[cdn.schoolloop.com/release_1.0.61/pf4/img/spacer.gif]
[www.google.com/recaptcha/api.js]
[cdn.schoolloop.com/release_1.0.61/pf4/img/app_loop_footer.png]
[alamosa.aps.edu/stats/s1_1_1681887600000/s1319263359599_1319263359599_1681884000000/s1681935053093.gif]
[alamosa.aps.edu/pf4/cms2/cms2_contact_form051e.html]
[alamosa.aps.edu/stats/s1_1_1681887600000/s1319263359599_1319263359599_1681884000000/s1681935054655.gif]
[alamosa.aps.edu/pf4/cms2/cms2_contact_form30c7.html]
[alamosa.aps.edu/stats/s1_1_1681887600000/s1319263359599_1319263359599_1681884000000/s1681935058227.gif]
[alamosa.aps.edu/pf4/cms2/cms2_contact_forma8f5.html]
[alamosa.aps.edu/stats/s1_1_1681887600000/s1319263359599_1319263359599_1681884000000/s1681935058428.gif]
[alamosa.aps.edu/pf4/cms2/cms2_contact_form4620.html]
[alamosa.aps.edu/stats/s1_1_1681887600000/s1319263359599_1319263359599_1681884000000/s1681935059537.gif]
[alamosa.aps.edu/pf4/cms2/cms2_contact_form1aac.html]
[alamosa.aps.edu/stats/s1_1_1681887600000/s1319263359599_1319263359599_1681884000000/s1681935059742.gif]
[alamosa.aps.edu/pf4/cms2/cms2_contact_formcba0.html]
[alamosa.aps.edu/stats/s1_1_1681887600000/s1319263359599_1319263359599_1681884000000/s1681935060184.gif]
[alamosa.aps.edu/pf4/cms2/cms2_contact_form8c88.html]
[alamosa.aps.edu/stats/s1_1_1681887600000/s1319263359599_1319263359599_1681884000000/s1681935060382.gif]
[alamosa.aps.edu/pf4/cms2/cms2_contact_form67e2.html]
[alamosa.aps.edu/stats/s1_1_1681887600000/s1319263359599_1319263359599_1681884000000/s1681935060593.gif]
[alamosa.aps.edu/pf4/cms2/cms2_contact_form1c35.html]
[alamosa.aps.edu/stats/s1_1_1681887600000/s1319263359599_1319263359599_1681884000000/s1681935060915.gif]
[alamosa.aps.edu/pf4/cms2/cms2_contact_form2773.html]
[alamosa.aps.edu/stats/s1_1_1681887600000/s1319263359599_1319263359599_1681884000000/s1681935061068.gif]
[alamosa.aps.edu/pf4/cms2/cms2_contact_form8ad8.html]
[alamosa.aps.edu/stats/s1_1_1681887600000/s1319263359599_1319263359599_1681884000000/s1681935061282.gif]
[alamosa.aps.edu/pf4/cms2/cms2_contact_form1a2c.html]
[alamosa.aps.edu/stats/s1_1_1681887600000/s1319263359599_1319263359599_1681884000000/s1681935061488.gif]
[alamosa.aps.edu/pf4/cms2/cms2_contact_formc1cf.html]
[alamosa.aps.edu/stats/s1_1_1681887600000/s1319263359599_1319263359599_1681884000000/s1681935061701.gif]
[alamosa.aps.edu/pf4/cms2/cms2_contact_formfeac.html]
[alamosa.aps.edu/stats/s1_1_1681887600000/s1319263359599_1319263359599_1681884000000/s1681935061923.gif]
[alamosa.aps.edu/pf4/cms2/cms2_contact_forme457.html]
[alamosa.aps.edu/stats/s1_1_1681887600000/s1319263359599_1319263359599_1681884000000/s1681935062140.gif]
[alamosa.aps.edu/pf4/cms2/cms2_contact_formd583.html]
[alamosa.aps.edu/stats/s1_1_1681887600000/s1319263359599_1319263359599_1681884000000/s1681935062348.gif]
[alamosa.aps.edu/pf4/cms2/cms2_contact_form506c.html]
[alamosa.aps.edu/stats/s1_1_1681887600000/s1319263359599_1319263359599_1681884000000/s1681935062553.gif]
[alamosa.aps.edu/pf4/cms2/cms2_contact_form53ce.html]
[alamosa.aps.edu/stats/s1_1_1681887600000/s1319263359599_1319263359599_1681884000000/s1681935062754.gif]
[alamosa.aps.edu/pf4/cms2/cms2_contact_formffa8.html]
[alamosa.aps.edu/stats/s1_1_1681887600000/s1319263359599_1319263359599_1681884000000/s1681935062984.gif]
[alamosa.aps.edu/pf4/cms2/cms2_contact_form6a32.html]
[alamosa.aps.edu/stats/s1_1_1681887600000/s1319263359599_1319263359599_1681884000000/s1681935063200.gif]
[alamosa.aps.edu/pf4/cms2/cms2_contact_form56cb.html]
[alamosa.aps.edu/stats/s1_1_1681887600000/s1319263359599_1319263359599_1681884000000/s1681935063407.gif]
[alamosa.aps.edu/pf4/cms2/cms2_contact_forma066.html]
[alamosa.aps.edu/stats/s1_1_1681887600000/s1319263359599_1319263359599_1681884000000/s1681935063610.gif]
[alamosa.aps.edu/pf4/cms2/cms2_contact_formf21f.html]
[alamosa.aps.edu/stats/s1_1_1681887600000/s1319263359599_1319263359599_1681884000000/s1681935063814.gif]
[alamosa.aps.edu/pf4/cms2/cms2_contact_formde38.html]
[alamosa.aps.edu/stats/s1_1_1681887600000/s1319263359599_1319263359599_1681884000000/s1681935064242.gif]
[alamosa.aps.edu/pf4/cms2/cms2_contact_form6d1c.html]
[alamosa.aps.edu/stats/s1_1_1681887600000/s1319263359599_1319263359599_1681884000000/s1681935064440.gif]
[alamosa.aps.edu/pf4/cms2/cms2_contact_formca0b.html]
[alamosa.aps.edu/stats/s1_1_1681887600000/s1319263359599_1319263359599_1681884000000/s1681935064656.gif]
[alamosa.aps.edu/pf4/cms2/cms2_contact_formb9a9.html]
[alamosa.aps.edu/stats/s1_1_1681887600000/s1319263359599_1319263359599_1681884000000/s1681935064861.gif]
[alamosa.aps.edu/pf4/cms2/cms2_contact_form808e.html]
[alamosa.aps.edu/stats/s1_1_1681887600000/s1319263359599_1319263359599_1681884000000/s1681935065070.gif]
[alamosa.aps.edu/pf4/cms2/cms2_contact_form5348.html]
[alamosa.aps.edu/stats/s1_1_1681887600000/s1319263359599_1319263359599_1681884000000/s1681935065277.gif]
[alamosa.aps.edu/pf4/cms2/cms2_contact_form620b.html]
[alamosa.aps.edu/stats/s1_1_1681887600000/s1319263359599_1319263359599_1681884000000/s1681935065485.gif]
[alamosa.aps.edu/pf4/cms2/cms2_contact_form42a1.html]
[alamosa.aps.edu/stats/s1_1_1681887600000/s1319263359599_1319263359599_1681884000000/s1681935065691.gif]
[alamosa.aps.edu/pf4/cms2/cms2_contact_form79a6.html]
[alamosa.aps.edu/stats/s1_1_1681887600000/s1319263359599_1319263359599_1681884000000/s1681935065898.gif]
[alamosa.aps.edu/pf4/cms2/cms2_contact_form0f1f.html]
[alamosa.aps.edu/stats/s1_1_1681887600000/s1319263359599_1319263359599_1681884000000/s1681935066132.gif]
[alamosa.aps.edu/pf4/cms2/cms2_contact_forma83c.html]
[alamosa.aps.edu/stats/s1_1_1681887600000/s1319263359599_1319263359599_1681884000000/s1681935066345.gif]
[alamosa.aps.edu/pf4/cms2/cms2_contact_form83ca.html]
[alamosa.aps.edu/stats/s1_1_1681887600000/s1319263359599_1319263359599_1681884000000/s1681935066548.gif]
[alamosa.aps.edu/pf4/cms2/cms2_contact_form1876.html]
[alamosa.aps.edu/stats/s1_1_1681887600000/s1319263359599_1319263359599_1681884000000/s1681935066781.gif]
[alamosa.aps.edu/pf4/cms2/cms2_contact_formf799.html]
[alamosa.aps.edu/stats/s1_1_1681887600000/s1319263359599_1319263359599_1681884000000/s1681935066996.gif]
[alamosa.aps.edu/pf4/cms2/cms2_contact_form2a27.html]
[alamosa.aps.edu/stats/s1_1_1681887600000/s1319263359599_1319263359599_1681884000000/s1681935067209.gif]
[alamosa.aps.edu/pf4/cms2/cms2_contact_form18f0.html]
[alamosa.aps.edu/stats/s1_1_1681887600000/s1319263359599_1319263359599_1681884000000/s1681935067425.gif]
[alamosa.aps.edu/pf4/cms2/cms2_contact_formafd0.html]
[alamosa.aps.edu/stats/s1_1_1681887600000/s1319263359599_1319263359599_1681884000000/s1681935067639.gif]
[alamosa.aps.edu/pf4/cms2/cms2_contact_form548e.html]
[alamosa.aps.edu/stats/s1_1_1681887600000/s1319263359599_1319263359599_1681884000000/s1681935067844.gif]
[alamosa.aps.edu/pf4/cms2/cms2_contact_form8f35.html]
[alamosa.aps.edu/stats/s1_1_1681887600000/s1319263359599_1319263359599_1681884000000/s1681935068079.gif]
[alamosa.aps.edu/pf4/cms2/cms2_contact_form237e.html]
[alamosa.aps.edu/stats/s1_1_1681887600000/s1319263359599_1319263359599_1681884000000/s1681935068274.gif]
[alamosa.aps.edu/pf4/cms2/cms2_contact_form1ae0.html]
[alamosa.aps.edu/stats/s1_1_1681887600000/s1319263359599_1319263359599_1681884000000/s1681935068482.gif]
[alamosa.aps.edu/pf4/cms2/cms2_contact_formc016.html]
[alamosa.aps.edu/stats/s1_1_1681887600000/s1319263359599_1319263359599_1681884000000/s1681935068689.gif]
[alamosa.aps.edu/pf4/cms2/cms2_contact_form22c7.html]
[alamosa.aps.edu/stats/s1_1_1681887600000/s1319263359599_1319263359599_1681884000000/s1681935068906.gif]
[alamosa.aps.edu/pf4/cms2/cms2_contact_formdeec.html]
[alamosa.aps.edu/stats/s1_1_1681887600000/s1319263359599_1319263359599_1681884000000/s1681935069147.gif]
[alamosa.aps.edu/pf4/cms2/cms2_contact_form639b.html]
[alamosa.aps.edu/stats/s1_1_1681887600000/s1319263359599_1319263359599_1681884000000/s1681935069332.gif]
[alamosa.aps.edu/pf4/cms2/cms2_contact_formd8e3.html]
[alamosa.aps.edu/stats/s1_1_1681887600000/s1319263359599_1319263359599_1681884000000/s1681935069546.gif]
[alamosa.aps.edu/pf4/cms2/cms2_contact_form19f0.html]
[alamosa.aps.edu/stats/s1_1_1681887600000/s1319263359599_1319263359599_1681884000000/s1681935069743.gif]
[alamosa.aps.edu/pf4/cms2/cms2_contact_form7022.html]
[alamosa.aps.edu/stats/s1_1_1681887600000/s1319263359599_1319263359599_1681884000000/s1681935069976.gif]
[alamosa.aps.edu/pf4/cms2/cms2_contact_form0003.html]
[alamosa.aps.edu/stats/s1_1_1681887600000/s1319263359599_1319263359599_1681884000000/s1681935070172.gif]
[alamosa.aps.edu/pf4/cms2/cms2_contact_form363e.html]
[alamosa.aps.edu/stats/s1_1_1681887600000/s1319263359599_1319263359599_1681884000000/s1681935070388.gif]
[alamosa.aps.edu/pf4/cms2/cms2_contact_form371e.html]
[alamosa.aps.edu/stats/s1_1_1681887600000/s1319263359599_1319263359599_1681884000000/s1681935070584.gif]
[alamosa.aps.edu/pf4/cms2/cms2_contact_form9aaa.html]
[alamosa.aps.edu/stats/s1_1_1681887600000/s1319263359599_1319263359599_1681884000000/s1681935070789.gif]
[alamosa.aps.edu/pf4/cms2/cms2_contact_form46fd.html]
[alamosa.aps.edu/stats/s1_1_1681887600000/s1319263359599_1319263359599_1681884000000/s1681935071019.gif]
[alamosa.aps.edu/pf4/cms2/cms2_contact_forme1da.html]
[alamosa.aps.edu/stats/s1_1_1681887600000/s1319263359599_1319263359599_1681884000000/s1681935071218.gif]
[alamosa.aps.edu/pf4/cms2/cms2_contact_form0e8a.html]
[alamosa.aps.edu/stats/s1_1_1681887600000/s1319263359599_1319263359599_1681884000000/s1681935071421.gif]
[alamosa.aps.edu/pf4/cms2/cms2_contact_form037f.html]
[alamosa.aps.edu/stats/s1_1_1681887600000/s1319263359599_1319263359599_1681884000000/s1681935071629.gif]
[alamosa.aps.edu/pf4/cms2/cms2_contact_formdb23.html]
[cdn.schoolloop.com/release_1.0.61/pf4/img/icon_message_success.png]
[cdn.schoolloop.com/release_1.0.61/pf4/img/icon_message_tip.png]
[cdn.schoolloop.com/release_1.0.61/pf4/img/icon_paperclip.png]
[cdn.schoolloop.com/release_1.0.61/pf4/img/attach_locker_orange.png]
[cdn.schoolloop.com/release_1.0.61/pf4/img/attach_link_orange.png]
[cdn.schoolloop.com/release_1.0.61/pf4/img/attach_file_orange.png]
[cdn.schoolloop.com/release_1.0.61/pf4/img/inline_help_icon.png]
[cdn.schoolloop.com/portalcdn/version_release_1.0.61ssl/pf4/css/old_global.css]
[alamosa.aps.edu/stats/s1_1_1681887600000/s1319263359599_1319263359599_1681884000000/s1681935076394.gif]
[alamosa.aps.edu/pf4/cms2/view_pagef545.html]
